# JRE version: OpenJDK Runtime Environment (17.0.7) (build 17.0.7+0-b2043.56-10550314)
# Java VM: OpenJDK 64-Bit Server VM (17.0.7+0-b2043.56-10550314, mixed mode, tiered, compressed oops, compressed class ptrs, g1 gc, windows-amd64)
GC Precious Log:
 CPUs: 8 total, 8 available
 Memory: 16197M
 Large Page Support: Disabled
 NUMA Support: Disabled
 Compressed Oops: Enabled (32-bit)
 Heap Region Size: 1M
 Heap Min Capacity: 8M
 Heap Initial Capacity: 254M
 Heap Max Capacity: 2G
 Pre-touch: Disabled
 Parallel Workers: 8
 Concurrent Workers: 2
 Concurrent Refinement Workers: 8
 Periodic GC: Disabled
Heap:
 garbage-first heap   total 107520K, used 63777K [0x0000000080000000, 0x0000000100000000)
  region size 1024K, 1 young (1024K), 1 survivors (1024K)
 Metaspace       used 66104K, committed 66688K, reserved 1114112K
  class space    used 8978K, committed 9216K, reserved 1048576K
GC Heap History (20 events):
Event: 15.874 GC heap after
{Heap after GC invocations=21 (full 0):
 garbage-first heap   total 68608K, used 40215K [0x0000000080000000, 0x0000000100000000)
  region size 1024K, 1 young (1024K), 1 survivors (1024K)
 Metaspace       used 57724K, committed 58240K, reserved 1114112K
  class space    used 7822K, committed 8064K, reserved 1048576K
}
Event: 16.705 GC heap before
{Heap before GC invocations=21 (full 0):
 garbage-first heap   total 68608K, used 49431K [0x0000000080000000, 0x0000000100000000)
  region size 1024K, 12 young (12288K), 1 survivors (1024K)
 Metaspace       used 57978K, committed 58560K, reserved 1114112K
  class space    used 7841K, committed 8128K, reserved 1048576K
}
Event: 16.706 GC heap after
{Heap after GC invocations=22 (full 0):
 garbage-first heap   total 68608K, used 40213K [0x0000000080000000, 0x0000000100000000)
  region size 1024K, 1 young (1024K), 1 survivors (1024K)
 Metaspace       used 57978K, committed 58560K, reserved 1114112K
  class space    used 7841K, committed 8128K, reserved 1048576K
}
Event: 17.365 GC heap before
{Heap before GC invocations=23 (full 0):
 garbage-first heap   total 73728K, used 60693K [0x0000000080000000, 0x0000000100000000)
  region size 1024K, 16 young (16384K), 1 survivors (1024K)
 Metaspace       used 59693K, committed 60224K, reserved 1114112K
  class space    used 8072K, committed 8320K, reserved 1048576K
}
Event: 17.368 GC heap after
{Heap after GC invocations=24 (full 0):
 garbage-first heap   total 73728K, used 49168K [0x0000000080000000, 0x0000000100000000)
  region size 1024K, 2 young (2048K), 2 survivors (2048K)
 Metaspace       used 59693K, committed 60224K, reserved 1114112K
  class space    used 8072K, committed 8320K, reserved 1048576K
}
Event: 17.420 GC heap before
{Heap before GC invocations=24 (full 0):
 garbage-first heap   total 73728K, used 49168K [0x0000000080000000, 0x0000000100000000)
  region size 1024K, 3 young (3072K), 2 survivors (2048K)
 Metaspace       used 59887K, committed 60416K, reserved 1114112K
  class space    used 8098K, committed 8320K, reserved 1048576K
}
Event: 17.422 GC heap after
{Heap after GC invocations=25 (full 0):
 garbage-first heap   total 73728K, used 48927K [0x0000000080000000, 0x0000000100000000)
  region size 1024K, 1 young (1024K), 1 survivors (1024K)
 Metaspace       used 59887K, committed 60416K, reserved 1114112K
  class space    used 8098K, committed 8320K, reserved 1048576K
}
Event: 17.754 GC heap before
{Heap before GC invocations=25 (full 0):
 garbage-first heap   total 73728K, used 57119K [0x0000000080000000, 0x0000000100000000)
  region size 1024K, 10 young (10240K), 1 survivors (1024K)
 Metaspace       used 60938K, committed 61504K, reserved 1114112K
  class space    used 8238K, committed 8512K, reserved 1048576K
}
Event: 17.759 GC heap after
{Heap after GC invocations=26 (full 0):
 garbage-first heap   total 73728K, used 49240K [0x0000000080000000, 0x0000000100000000)
  region size 1024K, 1 young (1024K), 1 survivors (1024K)
 Metaspace       used 60938K, committed 61504K, reserved 1114112K
  class space    used 8238K, committed 8512K, reserved 1048576K
}
Event: 18.503 GC heap before
{Heap before GC invocations=27 (full 0):
 garbage-first heap   total 87040K, used 69720K [0x0000000080000000, 0x0000000100000000)
  region size 1024K, 13 young (13312K), 1 survivors (1024K)
 Metaspace       used 61857K, committed 62400K, reserved 1114112K
  class space    used 8379K, committed 8640K, reserved 1048576K
}
Event: 18.509 GC heap after
{Heap after GC invocations=28 (full 0):
 garbage-first heap   total 87040K, used 61295K [0x0000000080000000, 0x0000000100000000)
  region size 1024K, 2 young (2048K), 2 survivors (2048K)
 Metaspace       used 61857K, committed 62400K, reserved 1114112K
  class space    used 8379K, committed 8640K, reserved 1048576K
}
Event: 18.591 GC heap before
{Heap before GC invocations=28 (full 0):
 garbage-first heap   total 87040K, used 62319K [0x0000000080000000, 0x0000000100000000)
  region size 1024K, 4 young (4096K), 2 survivors (2048K)
 Metaspace       used 61930K, committed 62464K, reserved 1114112K
  class space    used 8382K, committed 8640K, reserved 1048576K
}
Event: 18.593 GC heap after
{Heap after GC invocations=29 (full 0):
 garbage-first heap   total 87040K, used 61187K [0x0000000080000000, 0x0000000100000000)
  region size 1024K, 1 young (1024K), 1 survivors (1024K)
 Metaspace       used 61930K, committed 62464K, reserved 1114112K
  class space    used 8382K, committed 8640K, reserved 1048576K
}
Event: 19.068 GC heap before
{Heap before GC invocations=29 (full 0):
 garbage-first heap   total 87040K, used 71427K [0x0000000080000000, 0x0000000100000000)
  region size 1024K, 11 young (11264K), 1 survivors (1024K)
 Metaspace       used 62520K, committed 63040K, reserved 1114112K
  class space    used 8478K, committed 8704K, reserved 1048576K
}
Event: 19.070 GC heap after
{Heap after GC invocations=30 (full 0):
 garbage-first heap   total 87040K, used 62916K [0x0000000080000000, 0x0000000100000000)
  region size 1024K, 2 young (2048K), 2 survivors (2048K)
 Metaspace       used 62520K, committed 63040K, reserved 1114112K
  class space    used 8478K, committed 8704K, reserved 1048576K
}
Event: 19.397 GC heap before
{Heap before GC invocations=31 (full 0):
 garbage-first heap   total 107520K, used 71108K [0x0000000080000000, 0x0000000100000000)
  region size 1024K, 10 young (10240K), 2 survivors (2048K)
 Metaspace       used 63438K, committed 64064K, reserved 1114112K
  class space    used 8608K, committed 8896K, reserved 1048576K
}
Event: 19.399 GC heap after
{Heap after GC invocations=32 (full 0):
 garbage-first heap   total 107520K, used 63646K [0x0000000080000000, 0x0000000100000000)
  region size 1024K, 1 young (1024K), 1 survivors (1024K)
 Metaspace       used 63438K, committed 64064K, reserved 1114112K
  class space    used 8608K, committed 8896K, reserved 1048576K
}
Event: 19.523 GC heap before
{Heap before GC invocations=32 (full 0):
 garbage-first heap   total 107520K, used 66718K [0x0000000080000000, 0x0000000100000000)
  region size 1024K, 5 young (5120K), 1 survivors (1024K)
 Metaspace       used 63913K, committed 64512K, reserved 1114112K
  class space    used 8681K, committed 8960K, reserved 1048576K
}
Event: 19.525 GC heap after
{Heap after GC invocations=33 (full 0):
 garbage-first heap   total 107520K, used 63409K [0x0000000080000000, 0x0000000100000000)
  region size 1024K, 1 young (1024K), 1 survivors (1024K)
 Metaspace       used 63913K, committed 64512K, reserved 1114112K
  class space    used 8681K, committed 8960K, reserved 1048576K
}
Event: 20.120 GC heap before
{Heap before GC invocations=33 (full 0):
 garbage-first heap   total 107520K, used 82865K [0x0000000080000000, 0x0000000100000000)
  region size 1024K, 20 young (20480K), 1 survivors (1024K)
 Metaspace       used 66104K, committed 66688K, reserved 1114112K
  class space    used 8978K, committed 9216K, reserved 1048576K
}

